[2026-07-20 15:41:37Z INFO HostContext] No proxy settings were found based on environmental variables (http_proxy/https_proxy/HTTP_PROXY/HTTPS_PROXY)
[2026-07-20 15:41:38Z INFO HostContext] Well known directory 'Bin': 'C:\Users\Giris\OneDrive\Desktop\KodeKloud\solar-system\actions-runner\bin'
[2026-07-20 15:41:38Z INFO HostContext] Well known directory 'Root': 'C:\Users\Giris\OneDrive\Desktop\KodeKloud\solar-system\actions-runner'
[2026-07-20 15:41:38Z INFO HostContext] Well known config file 'Credentials': 'C:\Users\Giris\OneDrive\Desktop\KodeKloud\solar-system\actions-runner\.credentials'
[2026-07-20 15:41:38Z INFO HostContext] Well known directory 'Bin': 'C:\Users\Giris\OneDrive\Desktop\KodeKloud\solar-system\actions-runner\bin'
[2026-07-20 15:41:38Z INFO HostContext] Well known directory 'Root': 'C:\Users\Giris\OneDrive\Desktop\KodeKloud\solar-system\actions-runner'
[2026-07-20 15:41:38Z INFO HostContext] Well known config file 'Runner': 'C:\Users\Giris\OneDrive\Desktop\KodeKloud\solar-system\actions-runner\.runner'
[2026-07-20 15:41:38Z INFO Listener] Runner is built for Windows (X64) - win-x64.
[2026-07-20 15:41:38Z INFO Listener] RuntimeInformation: Microsoft Windows 10.0.26200.
[2026-07-20 15:41:38Z INFO Listener] Version: 2.335.1
[2026-07-20 15:41:38Z INFO Listener] Commit: 7d737449ef346f6524f75688d0c9c95fa10ba10a
[2026-07-20 15:41:38Z INFO Listener] Culture: en-IN
[2026-07-20 15:41:38Z INFO Listener] UI Culture: en-US
[2026-07-20 15:41:38Z INFO HostContext] Well known directory 'Bin': 'C:\Users\Giris\OneDrive\Desktop\KodeKloud\solar-system\actions-runner\bin'
[2026-07-20 15:41:38Z INFO HostContext] Well known directory 'Root': 'C:\Users\Giris\OneDrive\Desktop\KodeKloud\solar-system\actions-runner'
[2026-07-20 15:41:38Z INFO Listener] Validating directory permissions for: 'C:\Users\Giris\OneDrive\Desktop\KodeKloud\solar-system\actions-runner'
[2026-07-20 15:41:38Z INFO CommandLineParser] Parse
[2026-07-20 15:41:38Z INFO CommandLineParser] Parsing 1 args
[2026-07-20 15:41:38Z INFO CommandLineParser] parsing argument
[2026-07-20 15:41:38Z INFO CommandLineParser] HasArgs: False
[2026-07-20 15:41:38Z INFO CommandLineParser] Adding Command: run
[2026-07-20 15:41:38Z INFO Listener] Arguments parsed
[2026-07-20 15:41:38Z INFO Runner] ExecuteCommand
[2026-07-20 15:41:38Z INFO ConfigurationStore] currentAssemblyLocation: C:\Users\Giris\OneDrive\Desktop\KodeKloud\solar-system\actions-runner\bin\Runner.Listener.dll
[2026-07-20 15:41:38Z INFO HostContext] Well known directory 'Bin': 'C:\Users\Giris\OneDrive\Desktop\KodeKloud\solar-system\actions-runner\bin'
[2026-07-20 15:41:38Z INFO ConfigurationStore] binPath: C:\Users\Giris\OneDrive\Desktop\KodeKloud\solar-system\actions-runner\bin
[2026-07-20 15:41:38Z INFO HostContext] Well known directory 'Bin': 'C:\Users\Giris\OneDrive\Desktop\KodeKloud\solar-system\actions-runner\bin'
[2026-07-20 15:41:38Z INFO HostContext] Well known directory 'Root': 'C:\Users\Giris\OneDrive\Desktop\KodeKloud\solar-system\actions-runner'
[2026-07-20 15:41:38Z INFO ConfigurationStore] RootFolder: C:\Users\Giris\OneDrive\Desktop\KodeKloud\solar-system\actions-runner
[2026-07-20 15:41:38Z INFO HostContext] Well known directory 'Bin': 'C:\Users\Giris\OneDrive\Desktop\KodeKloud\solar-system\actions-runner\bin'
[2026-07-20 15:41:38Z INFO HostContext] Well known directory 'Root': 'C:\Users\Giris\OneDrive\Desktop\KodeKloud\solar-system\actions-runner'
[2026-07-20 15:41:38Z INFO HostContext] Well known config file 'Runner': 'C:\Users\Giris\OneDrive\Desktop\KodeKloud\solar-system\actions-runner\.runner'
[2026-07-20 15:41:38Z INFO ConfigurationStore] ConfigFilePath: C:\Users\Giris\OneDrive\Desktop\KodeKloud\solar-system\actions-runner\.runner
[2026-07-20 15:41:38Z INFO HostContext] Well known directory 'Bin': 'C:\Users\Giris\OneDrive\Desktop\KodeKloud\solar-system\actions-runner\bin'
[2026-07-20 15:41:38Z INFO HostContext] Well known directory 'Root': 'C:\Users\Giris\OneDrive\Desktop\KodeKloud\solar-system\actions-runner'
[2026-07-20 15:41:38Z INFO HostContext] Well known config file 'MigratedRunner': 'C:\Users\Giris\OneDrive\Desktop\KodeKloud\solar-system\actions-runner\.runner_migrated'
[2026-07-20 15:41:38Z INFO ConfigurationStore] MigratedConfigFilePath: C:\Users\Giris\OneDrive\Desktop\KodeKloud\solar-system\actions-runner\.runner_migrated
[2026-07-20 15:41:38Z INFO HostContext] Well known directory 'Bin': 'C:\Users\Giris\OneDrive\Desktop\KodeKloud\solar-system\actions-runner\bin'
[2026-07-20 15:41:38Z INFO HostContext] Well known directory 'Root': 'C:\Users\Giris\OneDrive\Desktop\KodeKloud\solar-system\actions-runner'
[2026-07-20 15:41:38Z INFO HostContext] Well known config file 'Credentials': 'C:\Users\Giris\OneDrive\Desktop\KodeKloud\solar-system\actions-runner\.credentials'
[2026-07-20 15:41:38Z INFO ConfigurationStore] CredFilePath: C:\Users\Giris\OneDrive\Desktop\KodeKloud\solar-system\actions-runner\.credentials
[2026-07-20 15:41:38Z INFO HostContext] Well known directory 'Bin': 'C:\Users\Giris\OneDrive\Desktop\KodeKloud\solar-system\actions-runner\bin'
[2026-07-20 15:41:38Z INFO HostContext] Well known directory 'Root': 'C:\Users\Giris\OneDrive\Desktop\KodeKloud\solar-system\actions-runner'
[2026-07-20 15:41:38Z INFO HostContext] Well known config file 'MigratedCredentials': 'C:\Users\Giris\OneDrive\Desktop\KodeKloud\solar-system\actions-runner\.credentials_migrated'
[2026-07-20 15:41:38Z INFO ConfigurationStore] MigratedCredFilePath: C:\Users\Giris\OneDrive\Desktop\KodeKloud\solar-system\actions-runner\.credentials_migrated
[2026-07-20 15:41:38Z INFO HostContext] Well known directory 'Bin': 'C:\Users\Giris\OneDrive\Desktop\KodeKloud\solar-system\actions-runner\bin'
[2026-07-20 15:41:38Z INFO HostContext] Well known directory 'Root': 'C:\Users\Giris\OneDrive\Desktop\KodeKloud\solar-system\actions-runner'
[2026-07-20 15:41:38Z INFO HostContext] Well known config file 'Service': 'C:\Users\Giris\OneDrive\Desktop\KodeKloud\solar-system\actions-runner\.service'
[2026-07-20 15:41:38Z INFO ConfigurationStore] ServiceConfigFilePath: C:\Users\Giris\OneDrive\Desktop\KodeKloud\solar-system\actions-runner\.service
[2026-07-20 15:41:38Z INFO CommandSettings] Flag 'help': 'False'
[2026-07-20 15:41:38Z INFO CommandSettings] Flag 'version': 'False'
[2026-07-20 15:41:38Z INFO CommandSettings] Flag 'commit': 'False'
[2026-07-20 15:41:38Z INFO CommandSettings] Flag 'check': 'False'
[2026-07-20 15:41:38Z INFO CommandSettings] Command 'configure': 'False'
[2026-07-20 15:41:38Z INFO CommandSettings] Command 'remove': 'False'
[2026-07-20 15:41:38Z INFO CommandSettings] Command 'warmup': 'False'
[2026-07-20 15:41:38Z INFO ConfigurationManager] LoadSettings
[2026-07-20 15:41:38Z INFO ConfigurationStore] IsConfigured()
[2026-07-20 15:41:38Z INFO ConfigurationStore] IsConfigured: True
[2026-07-20 15:41:38Z INFO ConfigurationManager] Is configured: True
[2026-07-20 15:41:38Z INFO ConfigurationStore] Read setting file: 397 chars
[2026-07-20 15:41:38Z INFO ConfigurationManager] Settings Loaded
[2026-07-20 15:41:38Z INFO ConfigurationStore] IsServiceConfigured()
[2026-07-20 15:41:38Z INFO ConfigurationStore] IsServiceConfigured: False
[2026-07-20 15:41:38Z INFO CommandSettings] Command 'run': 'True'
[2026-07-20 15:41:38Z INFO ConfigurationStore] IsConfigured()
[2026-07-20 15:41:38Z INFO ConfigurationStore] IsConfigured: True
[2026-07-20 15:41:38Z INFO ConfigurationManager] Is configured: True
[2026-07-20 15:41:38Z INFO Runner] Could not parse the argument value '' for StartupType. Defaulting to Manual
[2026-07-20 15:41:38Z INFO Runner] Set runner startup type - Manual
[2026-07-20 15:41:38Z INFO CommandSettings] Flag 'once': 'False'
[2026-07-20 15:41:38Z INFO CommandSettings] Flag 'once': 'False'
[2026-07-20 15:41:38Z INFO Runner] RunAsync
[2026-07-20 15:41:38Z INFO HostContext] Well known directory 'Bin': 'C:\Users\Giris\OneDrive\Desktop\KodeKloud\solar-system\actions-runner\bin'
[2026-07-20 15:41:38Z INFO HostContext] Well known directory 'Root': 'C:\Users\Giris\OneDrive\Desktop\KodeKloud\solar-system\actions-runner'
[2026-07-20 15:41:38Z INFO HostContext] Well known directory 'Work': 'C:\Users\Giris\OneDrive\Desktop\KodeKloud\solar-system\actions-runner\_work'
[2026-07-20 15:41:38Z INFO Runner] Validating directory permissions for: 'C:\Users\Giris\OneDrive\Desktop\KodeKloud\solar-system\actions-runner\_work'
[2026-07-20 15:41:38Z INFO ConfigurationManager] LoadMigratedSettings
[2026-07-20 15:41:38Z INFO ConfigurationStore] IsMigratedConfigured()
[2026-07-20 15:41:38Z INFO ConfigurationStore] IsMigratedConfigured: False
[2026-07-20 15:41:38Z INFO Runner] Failed to load migrated settings: No migrated configuration found.
[2026-07-20 15:41:38Z INFO Runner] Falling back to original .runner settings
[2026-07-20 15:41:38Z INFO Runner] Using BrokerMessageListener
[2026-07-20 15:41:38Z INFO BrokerMessageListener] Using provided settings
[2026-07-20 15:41:38Z INFO BrokerMessageListener] {
  "AgentId": 21,
  "AgentName": "MISLEKAR",
  "PoolId": 1,
  "PoolName": "Default",
  "ServerUrl": "https://pipelinesghubeus22.actions.githubusercontent.com/iOmoUSUP1paWL7ovNUoR8IPuCBY6ekzk0GKE0J1f68DfgjQBYK/",
  "GitHubUrl": "https://github.com/girichinna9/solar-system",
  "WorkFolder": "_work",
  "UseV2Flow": true,
  "ServerUrlV2": "https://broker.actions.githubusercontent.com/"
}
[2026-07-20 15:41:38Z INFO BrokerMessageListener] Loading Credentials
[2026-07-20 15:41:38Z INFO ConfigurationStore] HasCredentials()
[2026-07-20 15:41:38Z INFO ConfigurationStore] stored True
[2026-07-20 15:41:38Z INFO CredentialManager] GetCredentialProvider
[2026-07-20 15:41:38Z INFO CredentialManager] Creating type OAuth
[2026-07-20 15:41:38Z INFO CredentialManager] Creating credential type: OAuth
[2026-07-20 15:41:38Z INFO HostContext] Well known directory 'Bin': 'C:\Users\Giris\OneDrive\Desktop\KodeKloud\solar-system\actions-runner\bin'
[2026-07-20 15:41:38Z INFO HostContext] Well known directory 'Root': 'C:\Users\Giris\OneDrive\Desktop\KodeKloud\solar-system\actions-runner'
[2026-07-20 15:41:38Z INFO HostContext] Well known config file 'RSACredentials': 'C:\Users\Giris\OneDrive\Desktop\KodeKloud\solar-system\actions-runner\.credentials_rsaparams'
[2026-07-20 15:41:38Z INFO RSAEncryptedFileKeyManager] Loading RSA key parameters from file C:\Users\Giris\OneDrive\Desktop\KodeKloud\solar-system\actions-runner\.credentials_rsaparams
[2026-07-20 15:41:38Z INFO BrokerMessageListener] Attempt to create session.
[2026-07-20 15:41:38Z INFO BrokerMessageListener] Connecting to the Broker Server...
[2026-07-20 15:41:38Z INFO ConfigurationStore] HasCredentials()
[2026-07-20 15:41:38Z INFO ConfigurationStore] stored True
[2026-07-20 15:41:38Z INFO CredentialManager] GetCredentialProvider
[2026-07-20 15:41:38Z INFO CredentialManager] Creating type OAuth
[2026-07-20 15:41:38Z INFO CredentialManager] Creating credential type: OAuth
[2026-07-20 15:41:38Z INFO RSAEncryptedFileKeyManager] Loading RSA key parameters from file C:\Users\Giris\OneDrive\Desktop\KodeKloud\solar-system\actions-runner\.credentials_rsaparams
[2026-07-20 15:41:38Z INFO BrokerMessageListener] VssConnection created
[2026-07-20 15:41:38Z INFO BrokerMessageListener] Connecting to the Runner server...
[2026-07-20 15:41:38Z INFO RunnerServer] EstablishVssConnection
[2026-07-20 15:41:38Z INFO RunnerServer] Establish connection with 100 seconds timeout.
[2026-07-20 15:41:38Z INFO GitHubActionsService] Starting operation Location.GetConnectionData
[2026-07-20 15:41:38Z INFO RunnerServer] EstablishVssConnection
[2026-07-20 15:41:38Z INFO RunnerServer] Establish connection with 60 seconds timeout.
[2026-07-20 15:41:38Z INFO GitHubActionsService] Starting operation Location.GetConnectionData
[2026-07-20 15:41:38Z INFO RunnerServer] EstablishVssConnection
[2026-07-20 15:41:38Z INFO RunnerServer] Establish connection with 60 seconds timeout.
[2026-07-20 15:41:38Z INFO GitHubActionsService] Starting operation Location.GetConnectionData
[2026-07-20 15:41:39Z INFO GitHubActionsService] Finished operation Location.GetConnectionData
[2026-07-20 15:41:39Z INFO GitHubActionsService] Finished operation Location.GetConnectionData
[2026-07-20 15:41:39Z INFO GitHubActionsService] Finished operation Location.GetConnectionData
[2026-07-20 15:41:39Z INFO BrokerMessageListener] VssConnection created
[2026-07-20 15:41:39Z INFO Terminal] WRITE LINE: 
[2026-07-20 15:41:39Z INFO Terminal] WRITE LINE: 
[2026-07-20 15:41:40Z INFO RSAEncryptedFileKeyManager] Loading RSA key parameters from file C:\Users\Giris\OneDrive\Desktop\KodeKloud\solar-system\actions-runner\.credentials_rsaparams
[2026-07-20 15:41:40Z INFO RSAEncryptedFileKeyManager] Loading RSA key parameters from file C:\Users\Giris\OneDrive\Desktop\KodeKloud\solar-system\actions-runner\.credentials_rsaparams
[2026-07-20 15:41:40Z INFO GitHubActionsService] AAD Correlation ID for this token request: Unknown
[2026-07-20 15:41:41Z INFO BrokerMessageListener] Session created.
[2026-07-20 15:41:41Z INFO Terminal] WRITE LINE: Current runner version: '2.335.1'
[2026-07-20 15:41:41Z INFO Terminal] WRITE LINE: 2026-07-20 15:41:41Z: Listening for Jobs
[2026-07-20 15:41:41Z INFO JobDispatcher] Set runner/worker IPC timeout to 30 seconds.
[2026-07-20 15:41:43Z INFO BrokerMessageListener] Acknowledging runner request '163c1329-cabf-5944-83d5-db21fa3a0118'.
[2026-07-20 15:41:43Z INFO ConfigurationStore] HasCredentials()
[2026-07-20 15:41:43Z INFO ConfigurationStore] stored True
[2026-07-20 15:41:43Z INFO CredentialManager] GetCredentialProvider
[2026-07-20 15:41:43Z INFO CredentialManager] Creating type OAuth
[2026-07-20 15:41:43Z INFO CredentialManager] Creating credential type: OAuth
[2026-07-20 15:41:43Z INFO RSAEncryptedFileKeyManager] Loading RSA key parameters from file C:\Users\Giris\OneDrive\Desktop\KodeKloud\solar-system\actions-runner\.credentials_rsaparams
[2026-07-20 15:41:43Z INFO RSAEncryptedFileKeyManager] Loading RSA key parameters from file C:\Users\Giris\OneDrive\Desktop\KodeKloud\solar-system\actions-runner\.credentials_rsaparams
[2026-07-20 15:41:43Z INFO RSAEncryptedFileKeyManager] Loading RSA key parameters from file C:\Users\Giris\OneDrive\Desktop\KodeKloud\solar-system\actions-runner\.credentials_rsaparams
[2026-07-20 15:41:44Z INFO GitHubActionsService] AAD Correlation ID for this token request: Unknown
[2026-07-20 15:41:46Z INFO JobDispatcher] Job request 0 for plan 1cf6d9c4-c150-483b-942d-5977d1257ab4 job 163c1329-cabf-5944-83d5-db21fa3a0118 received.
[2026-07-20 15:41:46Z INFO JobDispatcher] Pull OrchestrationId 1cf6d9c4-c150-483b-942d-5977d1257ab4.dev-deploy.__default from JWT claims
[2026-07-20 15:41:46Z INFO BrokerMessageListener] Received job status event. JobState: Busy
[2026-07-20 15:41:46Z INFO BrokerMessageListener] _getMessagesTokenSource is already disposed.
[2026-07-20 15:41:46Z INFO Terminal] WRITE LINE: 2026-07-20 15:41:46Z: Running job: dev-deploy
[2026-07-20 15:41:46Z INFO JobDispatcher] Start renew job request 0 for job 163c1329-cabf-5944-83d5-db21fa3a0118.
[2026-07-20 15:41:46Z INFO JobDispatcher] Successfully renew job 163c1329-cabf-5944-83d5-db21fa3a0118, job is valid till 20-07-2026 15:51:45
[2026-07-20 15:41:46Z INFO HostContext] Well known directory 'Bin': 'C:\Users\Giris\OneDrive\Desktop\KodeKloud\solar-system\actions-runner\bin'
[2026-07-20 15:41:46Z INFO ProcessInvokerWrapper] Starting process:
[2026-07-20 15:41:46Z INFO ProcessInvokerWrapper]   File name: 'C:\Users\Giris\OneDrive\Desktop\KodeKloud\solar-system\actions-runner\bin\Runner.Worker.exe'
[2026-07-20 15:41:46Z INFO ProcessInvokerWrapper]   Arguments: 'spawnclient 2180 2244'
[2026-07-20 15:41:46Z INFO ProcessInvokerWrapper]   Working directory: 'C:\Users\Giris\OneDrive\Desktop\KodeKloud\solar-system\actions-runner\bin'
[2026-07-20 15:41:46Z INFO ProcessInvokerWrapper]   Require exit code zero: 'False'
[2026-07-20 15:41:46Z INFO ProcessInvokerWrapper]   Encoding web name:  ; code page: ''
[2026-07-20 15:41:46Z INFO ProcessInvokerWrapper]   Force kill process on cancellation: 'True'
[2026-07-20 15:41:46Z INFO ProcessInvokerWrapper]   Redirected STDIN: 'False'
[2026-07-20 15:41:46Z INFO ProcessInvokerWrapper]   Persist current code page: 'False'
[2026-07-20 15:41:46Z INFO ProcessInvokerWrapper]   Keep redirected STDIN open: 'False'
[2026-07-20 15:41:46Z INFO ProcessInvokerWrapper]   High priority process: 'True'
[2026-07-20 15:41:47Z INFO ProcessInvokerWrapper] Process started with process id 10736, waiting for process exit.
[2026-07-20 15:41:47Z INFO JobDispatcher] Send job request message to worker for job 163c1329-cabf-5944-83d5-db21fa3a0118.
[2026-07-20 15:41:47Z INFO ProcessChannel] Sending message of length 23429, with hash 'bd9e113520c8a42b77f92b971e5de80f6a2a59bb906e4cc784fbb82571a3fe37'
[2026-07-20 15:41:47Z INFO JobNotification] Entering JobStarted Notification
[2026-07-20 15:41:47Z INFO JobNotification] Entering StartMonitor
[2026-07-20 15:42:20Z INFO ProcessInvokerWrapper] STDOUT/STDERR stream read finished.
[2026-07-20 15:42:20Z INFO ProcessInvokerWrapper] STDOUT/STDERR stream read finished.
[2026-07-20 15:42:20Z INFO ProcessInvokerWrapper] Finished process 10736 with exit code 102, and elapsed time 00:00:33.6013057.
[2026-07-20 15:42:20Z INFO JobDispatcher] Worker finished for job 163c1329-cabf-5944-83d5-db21fa3a0118. Code: 102
[2026-07-20 15:42:20Z INFO JobDispatcher] finish job request for job 163c1329-cabf-5944-83d5-db21fa3a0118 with result: Failed
[2026-07-20 15:42:20Z INFO Terminal] WRITE LINE: 2026-07-20 15:42:20Z: Job dev-deploy completed with result: Failed
[2026-07-20 15:42:20Z INFO JobDispatcher] Stop renew job request for job 163c1329-cabf-5944-83d5-db21fa3a0118.
[2026-07-20 15:42:20Z INFO JobDispatcher] job renew has been cancelled, stop renew job 163c1329-cabf-5944-83d5-db21fa3a0118.
[2026-07-20 15:42:20Z INFO JobNotification] Entering JobCompleted Notification
[2026-07-20 15:42:20Z INFO JobNotification] Entering EndMonitor
[2026-07-20 15:42:20Z INFO BrokerMessageListener] Received job status event. JobState: Online
[2026-07-20 15:42:20Z WARN GitHubActionsService] GET request to https://broker.actions.githubusercontent.com/message?sessionId=27324b79-542f-41c0-a427-9a3509dd6760&status=Busy&runnerVersion=2.335.1&os=Windows&architecture=X64&disableUpdate=false has been cancelled.
[2026-07-20 15:42:20Z ERR  BrokerServer] Catch exception during request
[2026-07-20 15:42:20Z ERR  BrokerServer] System.Threading.Tasks.TaskCanceledException: The operation was canceled.
 ---> System.Threading.Tasks.TaskCanceledException: The operation was canceled.
 ---> System.IO.IOException: Unable to read data from the transport connection: The I/O operation has been aborted because of either a thread exit or an application request..
 ---> System.Net.Sockets.SocketException (995): The I/O operation has been aborted because of either a thread exit or an application request.
   --- End of inner exception stack trace ---
   at System.Net.Sockets.Socket.AwaitableSocketAsyncEventArgs.ThrowException(SocketError error, CancellationToken cancellationToken)
   at System.Net.Sockets.Socket.AwaitableSocketAsyncEventArgs.System.Threading.Tasks.Sources.IValueTaskSource<System.Int32>.GetResult(Int16 token)
   at System.Net.Security.SslStream.EnsureFullTlsFrameAsync[TIOAdapter](CancellationToken cancellationToken, Int32 estimatedSize)
   at System.Runtime.CompilerServices.PoolingAsyncValueTaskMethodBuilder`1.StateMachineBox`1.System.Threading.Tasks.Sources.IValueTaskSource<TResult>.GetResult(Int16 token)
   at System.Net.Security.SslStream.ReadAsyncInternal[TIOAdapter](Memory`1 buffer, CancellationToken cancellationToken)
   at System.Runtime.CompilerServices.PoolingAsyncValueTaskMethodBuilder`1.StateMachineBox`1.System.Threading.Tasks.Sources.IValueTaskSource<TResult>.GetResult(Int16 token)
   at System.Net.Http.HttpConnection.SendAsync(HttpRequestMessage request, Boolean async, CancellationToken cancellationToken)
   --- End of inner exception stack trace ---
   at System.Net.Http.HttpConnection.SendAsync(HttpRequestMessage request, Boolean async, CancellationToken cancellationToken)
   at System.Net.Http.AuthenticationHelper.SendWithNtAuthAsync(HttpRequestMessage request, Uri authUri, Boolean async, ICredentials credentials, Boolean isProxyAuth, HttpConnection connection, HttpConnectionPool connectionPool, CancellationToken cancellationToken)
   at System.Net.Http.HttpConnectionPool.SendWithVersionDetectionAndRetryAsync(HttpRequestMessage request, Boolean async, Boolean doRequestAuth, CancellationToken cancellationToken)
   at System.Net.Http.AuthenticationHelper.SendWithAuthAsync(HttpRequestMessage request, Uri authUri, Boolean async, ICredentials credentials, Boolean preAuthenticate, Boolean isProxyAuth, Boolean doRequestAuth, HttpConnectionPool pool, CancellationToken cancellationToken)
   at System.Net.Http.RedirectHandler.SendAsync(HttpRequestMessage request, Boolean async, CancellationToken cancellationToken)
   at GitHub.Services.Common.RawHttpMessageHandler.SendAsync(HttpRequestMessage request, CancellationToken cancellationToken)
   at GitHub.Services.Common.VssHttpRetryMessageHandler.SendAsync(HttpRequestMessage request, CancellationToken cancellationToken)
   at System.Net.Http.HttpClient.<SendAsync>g__Core|83_0(HttpRequestMessage request, HttpCompletionOption completionOption, CancellationTokenSource cts, Boolean disposeCts, CancellationTokenSource pendingRequestsCts, CancellationToken originalCancellationToken)
   --- End of inner exception stack trace ---
   at System.Net.Http.HttpClient.HandleFailure(Exception e, Boolean telemetryStarted, HttpResponseMessage response, CancellationTokenSource cts, CancellationToken cancellationToken, CancellationTokenSource pendingRequestsCts)
   at System.Net.Http.HttpClient.<SendAsync>g__Core|83_0(HttpRequestMessage request, HttpCompletionOption completionOption, CancellationTokenSource cts, Boolean disposeCts, CancellationTokenSource pendingRequestsCts, CancellationToken originalCancellationToken)
   at Sdk.WebApi.WebApi.RawHttpClientBase.SendAsync(HttpRequestMessage message, HttpCompletionOption completionOption, Object userState, CancellationToken cancellationToken)
   at Sdk.WebApi.WebApi.RawHttpClientBase.SendAsync[T](HttpRequestMessage message, Boolean readErrorBody, Object userState, CancellationToken cancellationToken)
   at Sdk.WebApi.WebApi.RawHttpClientBase.SendAsync[T](HttpMethod method, IEnumerable`1 additionalHeaders, Uri requestUri, HttpContent content, IEnumerable`1 queryParameters, Boolean readErrorBody, Object userState, CancellationToken cancellationToken)
   at GitHub.Actions.RunService.WebApi.BrokerHttpClient.GetRunnerMessageAsync(Nullable`1 sessionId, String runnerVersion, Nullable`1 status, String os, String architecture, Nullable`1 disableUpdate, CancellationToken cancellationToken)
   at GitHub.Runner.Common.BrokerServer.<>c__DisplayClass7_0.<<GetRunnerMessageAsync>b__0>d.MoveNext()
--- End of stack trace from previous location ---
   at GitHub.Runner.Common.RunnerService.RetryRequest[T](Func`1 func, CancellationToken cancellationToken, Int32 maxAttempts, Func`2 shouldRetry)
[2026-07-20 15:42:20Z ERR  BrokerServer] #####################################################
[2026-07-20 15:42:20Z ERR  BrokerServer] System.Threading.Tasks.TaskCanceledException: The operation was canceled.
 ---> System.IO.IOException: Unable to read data from the transport connection: The I/O operation has been aborted because of either a thread exit or an application request..
 ---> System.Net.Sockets.SocketException (995): The I/O operation has been aborted because of either a thread exit or an application request.
   --- End of inner exception stack trace ---
   at System.Net.Sockets.Socket.AwaitableSocketAsyncEventArgs.ThrowException(SocketError error, CancellationToken cancellationToken)
   at System.Net.Sockets.Socket.AwaitableSocketAsyncEventArgs.System.Threading.Tasks.Sources.IValueTaskSource<System.Int32>.GetResult(Int16 token)
   at System.Net.Security.SslStream.EnsureFullTlsFrameAsync[TIOAdapter](CancellationToken cancellationToken, Int32 estimatedSize)
   at System.Runtime.CompilerServices.PoolingAsyncValueTaskMethodBuilder`1.StateMachineBox`1.System.Threading.Tasks.Sources.IValueTaskSource<TResult>.GetResult(Int16 token)
   at System.Net.Security.SslStream.ReadAsyncInternal[TIOAdapter](Memory`1 buffer, CancellationToken cancellationToken)
   at System.Runtime.CompilerServices.PoolingAsyncValueTaskMethodBuilder`1.StateMachineBox`1.System.Threading.Tasks.Sources.IValueTaskSource<TResult>.GetResult(Int16 token)
   at System.Net.Http.HttpConnection.SendAsync(HttpRequestMessage request, Boolean async, CancellationToken cancellationToken)
   --- End of inner exception stack trace ---
   at System.Net.Http.HttpConnection.SendAsync(HttpRequestMessage request, Boolean async, CancellationToken cancellationToken)
   at System.Net.Http.AuthenticationHelper.SendWithNtAuthAsync(HttpRequestMessage request, Uri authUri, Boolean async, ICredentials credentials, Boolean isProxyAuth, HttpConnection connection, HttpConnectionPool connectionPool, CancellationToken cancellationToken)
   at System.Net.Http.HttpConnectionPool.SendWithVersionDetectionAndRetryAsync(HttpRequestMessage request, Boolean async, Boolean doRequestAuth, CancellationToken cancellationToken)
   at System.Net.Http.AuthenticationHelper.SendWithAuthAsync(HttpRequestMessage request, Uri authUri, Boolean async, ICredentials credentials, Boolean preAuthenticate, Boolean isProxyAuth, Boolean doRequestAuth, HttpConnectionPool pool, CancellationToken cancellationToken)
   at System.Net.Http.RedirectHandler.SendAsync(HttpRequestMessage request, Boolean async, CancellationToken cancellationToken)
   at GitHub.Services.Common.RawHttpMessageHandler.SendAsync(HttpRequestMessage request, CancellationToken cancellationToken)
   at GitHub.Services.Common.VssHttpRetryMessageHandler.SendAsync(HttpRequestMessage request, CancellationToken cancellationToken)
   at System.Net.Http.HttpClient.<SendAsync>g__Core|83_0(HttpRequestMessage request, HttpCompletionOption completionOption, CancellationTokenSource cts, Boolean disposeCts, CancellationTokenSource pendingRequestsCts, CancellationToken originalCancellationToken)
[2026-07-20 15:42:20Z ERR  BrokerServer] #####################################################
[2026-07-20 15:42:20Z ERR  BrokerServer] System.IO.IOException: Unable to read data from the transport connection: The I/O operation has been aborted because of either a thread exit or an application request..
 ---> System.Net.Sockets.SocketException (995): The I/O operation has been aborted because of either a thread exit or an application request.
   --- End of inner exception stack trace ---
   at System.Net.Sockets.Socket.AwaitableSocketAsyncEventArgs.ThrowException(SocketError error, CancellationToken cancellationToken)
   at System.Net.Sockets.Socket.AwaitableSocketAsyncEventArgs.System.Threading.Tasks.Sources.IValueTaskSource<System.Int32>.GetResult(Int16 token)
   at System.Net.Security.SslStream.EnsureFullTlsFrameAsync[TIOAdapter](CancellationToken cancellationToken, Int32 estimatedSize)
   at System.Runtime.CompilerServices.PoolingAsyncValueTaskMethodBuilder`1.StateMachineBox`1.System.Threading.Tasks.Sources.IValueTaskSource<TResult>.GetResult(Int16 token)
   at System.Net.Security.SslStream.ReadAsyncInternal[TIOAdapter](Memory`1 buffer, CancellationToken cancellationToken)
   at System.Runtime.CompilerServices.PoolingAsyncValueTaskMethodBuilder`1.StateMachineBox`1.System.Threading.Tasks.Sources.IValueTaskSource<TResult>.GetResult(Int16 token)
   at System.Net.Http.HttpConnection.SendAsync(HttpRequestMessage request, Boolean async, CancellationToken cancellationToken)
[2026-07-20 15:42:20Z ERR  BrokerServer] #####################################################
[2026-07-20 15:42:20Z ERR  BrokerServer] System.Net.Sockets.SocketException (995): The I/O operation has been aborted because of either a thread exit or an application request.
[2026-07-20 15:42:20Z WARN BrokerServer] Back off 7.725 seconds before next retry. 4 attempt left.
[2026-07-20 15:42:20Z INFO BrokerMessageListener] Get messages has been cancelled using local token source. Continue to get messages with new status.
